<?xml version="1.0" encoding="UTF-8"?>
<testsuite name="ro.ubb.catalog.web.controller.DisciplineControllerTest" tests="1" skipped="1" failures="0" errors="0" timestamp="2021-05-25T09:49:21" hostname="DESKTOP-V3HV2R1" time="0.0">
  <properties/>
  <testcase name="getDisciplines" classname="ro.ubb.catalog.web.controller.DisciplineControllerTest" time="0.0">
    <skipped/>
  </testcase>
  <system-out><![CDATA[]]></system-out>
  <system-err><![CDATA[]]></system-err>
</testsuite>
