<?xml version="1.0" encoding="UTF-8"?>
<testsuite name="project.core.service.ClientServiceTest" tests="6" skipped="0" failures="0" errors="0" timestamp="2021-05-24T21:26:50" hostname="DESKTOP-V3HV2R1" time="0.802">
  <properties/>
  <testcase name="updateClient" classname="project.core.service.ClientServiceTest" time="0.328"/>
  <testcase name="deleteClient" classname="project.core.service.ClientServiceTest" time="0.047"/>
  <testcase name="findClient" classname="project.core.service.ClientServiceTest" time="0.041"/>
  <testcase name="filterClients" classname="project.core.service.ClientServiceTest" time="0.117"/>
  <testcase name="getAllClients" classname="project.core.service.ClientServiceTest" time="0.131"/>
  <testcase name="getClientPhotoshoots" classname="project.core.service.ClientServiceTest" time="0.117"/>
  <system-out><![CDATA[Hibernate: create table Album (id bigint not null, clientId bigint, photoSessionName varchar(255), photographerId bigint, primary key (id))
Hibernate: create table Client (id bigint not null, email varchar(255), name varchar(255), phoneNumber varchar(255), primary key (id))
Hibernate: create table client_photoshoots (photoshoot_id bigint not null, client_id bigint not null, primary key (client_id, photoshoot_id))
Hibernate: create table location (id bigint not null, city varchar(255), country varchar(255), number varchar(255), street varchar(255), zipCode varchar(255), entranceFee float not null, name varchar(255), owner varchar(255), timeLimit integer not null, primary key (id))
Hibernate: create table Photographer (id bigint not null, age integer not null, cameraBrand varchar(255), name varchar(255), rating integer not null, primary key (id))
Hibernate: create table Photoshoot (id bigint not null, NoMaxClients integer not null, date date, price integer not null, location_id bigint, primary key (id))
Hibernate: create table Picture (id bigint not null, description varchar(255), height integer not null, title varchar(255), width integer not null, primary key (id))
Hibernate: create sequence hibernate_sequence start with 1 increment by 1
Hibernate: alter table client_photoshoots add constraint FK4qu26iw2899sqs7dkppg2hwrl foreign key (client_id) references Client
Hibernate: alter table client_photoshoots add constraint FKqvnlh2manbmo01ynleth3djhh foreign key (photoshoot_id) references Photoshoot
Hibernate: alter table Photoshoot add constraint FKpixnj80sjujnvsdaoycml91mj foreign key (location_id) references location
Hibernate: select count(*) as col_0_0_ from Client client0_ where client0_.id=?
Hibernate: select client0_.id as id1_1_0_, client0_.email as email2_1_0_, client0_.name as name3_1_0_, client0_.phoneNumber as phonenum4_1_0_ from Client client0_ where client0_.id=?
Hibernate: update Client set email=?, name=?, phoneNumber=? where id=?
Hibernate: delete from client_photoshoots where client_id=?
SQL
Hibernate: select distinct client0_.id as id1_1_0_, photoshoot2_.id as id1_5_1_, location3_.id as id1_3_2_, client0_.email as email2_1_0_, client0_.name as name3_1_0_, client0_.phoneNumber as phonenum4_1_0_, photoshoot2_.NoMaxClients as nomaxcli2_5_1_, photoshoot2_.date as date3_5_1_, photoshoot2_.location_id as location5_5_1_, photoshoot2_.price as price4_5_1_, photoshoot1_.client_id as client_i2_2_0__, photoshoot1_.photoshoot_id as photosho1_2_0__, location3_.city as city2_3_2_, location3_.country as country3_3_2_, location3_.number as number4_3_2_, location3_.street as street5_3_2_, location3_.zipCode as zipcode6_3_2_, location3_.entranceFee as entrance7_3_2_, location3_.name as name8_3_2_, location3_.owner as owner9_3_2_, location3_.timeLimit as timelim10_3_2_ from Client client0_ left outer join client_photoshoots photoshoot1_ on client0_.id=photoshoot1_.client_id left outer join Photoshoot photoshoot2_ on photoshoot1_.photoshoot_id=photoshoot2_.id left outer join location location3_ on photoshoot2_.location_id=location3_.id
Hibernate: select count(*) as col_0_0_ from Client client0_ where client0_.id=?
Hibernate: select client0_.id as id1_1_0_, client0_.email as email2_1_0_, client0_.name as name3_1_0_, client0_.phoneNumber as phonenum4_1_0_ from Client client0_ where client0_.id=?
Hibernate: delete from client_photoshoots where client_id=?
Hibernate: delete from Client where id=?
SQL
Hibernate: select distinct client0_.id as id1_1_0_, photoshoot2_.id as id1_5_1_, location3_.id as id1_3_2_, client0_.email as email2_1_0_, client0_.name as name3_1_0_, client0_.phoneNumber as phonenum4_1_0_, photoshoot2_.NoMaxClients as nomaxcli2_5_1_, photoshoot2_.date as date3_5_1_, photoshoot2_.location_id as location5_5_1_, photoshoot2_.price as price4_5_1_, photoshoot1_.client_id as client_i2_2_0__, photoshoot1_.photoshoot_id as photosho1_2_0__, location3_.city as city2_3_2_, location3_.country as country3_3_2_, location3_.number as number4_3_2_, location3_.street as street5_3_2_, location3_.zipCode as zipcode6_3_2_, location3_.entranceFee as entrance7_3_2_, location3_.name as name8_3_2_, location3_.owner as owner9_3_2_, location3_.timeLimit as timelim10_3_2_ from Client client0_ left outer join client_photoshoots photoshoot1_ on client0_.id=photoshoot1_.client_id left outer join Photoshoot photoshoot2_ on photoshoot1_.photoshoot_id=photoshoot2_.id left outer join location location3_ on photoshoot2_.location_id=location3_.id
SQL
Hibernate: select distinct client0_.id as id1_1_0_, photoshoot2_.id as id1_5_1_, location3_.id as id1_3_2_, client0_.email as email2_1_0_, client0_.name as name3_1_0_, client0_.phoneNumber as phonenum4_1_0_, photoshoot2_.NoMaxClients as nomaxcli2_5_1_, photoshoot2_.date as date3_5_1_, photoshoot2_.location_id as location5_5_1_, photoshoot2_.price as price4_5_1_, photoshoot1_.client_id as client_i2_2_0__, photoshoot1_.photoshoot_id as photosho1_2_0__, location3_.city as city2_3_2_, location3_.country as country3_3_2_, location3_.number as number4_3_2_, location3_.street as street5_3_2_, location3_.zipCode as zipcode6_3_2_, location3_.entranceFee as entrance7_3_2_, location3_.name as name8_3_2_, location3_.owner as owner9_3_2_, location3_.timeLimit as timelim10_3_2_ from Client client0_ left outer join client_photoshoots photoshoot1_ on client0_.id=photoshoot1_.client_id left outer join Photoshoot photoshoot2_ on photoshoot1_.photoshoot_id=photoshoot2_.id left outer join location location3_ on photoshoot2_.location_id=location3_.id
Hibernate: SELECT c.id, c.name, c.email, c.phoneNumber FROM client c WHERE c.name LIKE ?
SQL
Hibernate: select distinct client0_.id as id1_1_0_, photoshoot2_.id as id1_5_1_, location3_.id as id1_3_2_, client0_.email as email2_1_0_, client0_.name as name3_1_0_, client0_.phoneNumber as phonenum4_1_0_, photoshoot2_.NoMaxClients as nomaxcli2_5_1_, photoshoot2_.date as date3_5_1_, photoshoot2_.location_id as location5_5_1_, photoshoot2_.price as price4_5_1_, photoshoot1_.client_id as client_i2_2_0__, photoshoot1_.photoshoot_id as photosho1_2_0__, location3_.city as city2_3_2_, location3_.country as country3_3_2_, location3_.number as number4_3_2_, location3_.street as street5_3_2_, location3_.zipCode as zipcode6_3_2_, location3_.entranceFee as entrance7_3_2_, location3_.name as name8_3_2_, location3_.owner as owner9_3_2_, location3_.timeLimit as timelim10_3_2_ from Client client0_ left outer join client_photoshoots photoshoot1_ on client0_.id=photoshoot1_.client_id left outer join Photoshoot photoshoot2_ on photoshoot1_.photoshoot_id=photoshoot2_.id left outer join location location3_ on photoshoot2_.location_id=location3_.id
SQL
Hibernate: select distinct client0_.id as id1_1_0_, photoshoot2_.id as id1_5_1_, location3_.id as id1_3_2_, client0_.email as email2_1_0_, client0_.name as name3_1_0_, client0_.phoneNumber as phonenum4_1_0_, photoshoot2_.NoMaxClients as nomaxcli2_5_1_, photoshoot2_.date as date3_5_1_, photoshoot2_.location_id as location5_5_1_, photoshoot2_.price as price4_5_1_, photoshoot1_.client_id as client_i2_2_0__, photoshoot1_.photoshoot_id as photosho1_2_0__, location3_.city as city2_3_2_, location3_.country as country3_3_2_, location3_.number as number4_3_2_, location3_.street as street5_3_2_, location3_.zipCode as zipcode6_3_2_, location3_.entranceFee as entrance7_3_2_, location3_.name as name8_3_2_, location3_.owner as owner9_3_2_, location3_.timeLimit as timelim10_3_2_ from Client client0_ left outer join client_photoshoots photoshoot1_ on client0_.id=photoshoot1_.client_id left outer join Photoshoot photoshoot2_ on photoshoot1_.photoshoot_id=photoshoot2_.id left outer join location location3_ on photoshoot2_.location_id=location3_.id
]]></system-out>
  <system-err><![CDATA[ERROR StatusLogger No log4j2 configuration file found. Using default configuration: logging only errors to the console.
]]></system-err>
</testsuite>
